Binning
Mapping
Encoding
outlier removal
transforamtion
scaling
Saved 3 pre-process pkl
tuning XGBoost started
|   iter    |  target   | colsam... | learni... | max_depth | n_esti... | subsample |
-------------------------------------------------------------------------------------
| 1         | -800.4    | 0.7498    | 0.2857    | 8.124     | 139.8     | 0.6624    |
| 2         | -800.3    | 0.6624    | 0.02684   | 9.063     | 140.2     | 0.8832    |
| 3         | -800.7    | 0.6082    | 0.2913    | 8.827     | 81.85     | 0.6727    |
| 4         | -800.2    | 0.6734    | 0.09823   | 6.673     | 114.8     | 0.7165    |
| 5         | -800.4    | 0.8447    | 0.05045   | 5.045     | 105.0     | 0.7824    |
| 6         | -800.4    | 0.7928    | 0.02232   | 6.238     | 112.8     | 0.9117    |
| 7         | -800.4    | 0.6183    | 0.1624    | 6.962     | 115.8     | 0.8011    |
| 8         | -800.3    | 0.6112    | 0.1892    | 5.943     | 115.2     | 0.9218    |
| 9         | -800.3    | 0.7368    | 0.2367    | 7.458     | 114.6     | 0.7931    |
| 10        | -800.4    | 0.817     | 0.2328    | 6.382     | 114.0     | 0.7326    |
| 11        | -800.3    | 0.8536    | 0.1541    | 6.723     | 114.6     | 0.833     |
| 12        | -800.1    | 0.7492    | 0.03231   | 8.466     | 115.4     | 0.7513    |
| 13        | -800.1    | 0.8901    | 0.1535    | 8.941     | 115.0     | 0.9831    |
| 14        | -800.1    | 0.86      | 0.05587   | 9.183     | 116.0     | 0.7079    |
| 15        | -800.3    | 0.7229    | 0.01971   | 9.992     | 115.2     | 0.8567    |
=====================================================================================
tuning XGBoost done
tuning RF started
|   iter    |  target   | max_depth | max_fe... | min_sa... | min_sa... | n_esti... |
-------------------------------------------------------------------------------------
| 1         | -799.9    | 8.745     | 0.9754    | 6.124     | 9.783     | 24.04     |
| 2         | -801.1    | 6.56      | 0.529     | 7.063     | 9.814     | 73.73     |
| 3         | -800.9    | 5.206     | 0.985     | 6.827     | 4.76      | 26.36     |
| 4         | -800.0    | 8.871     | 0.8456    | 2.806     | 12.82     | 64.88     |
| 5         | -800.1    | 14.06     | 0.5527    | 2.031     | 14.03     | 79.36     |
| 6         | -800.1    | 10.84     | 0.5239    | 1.251     | 3.359     | 30.99     |
| 7         | -799.9    | 9.686     | 0.9965    | 7.453     | 7.614     | 38.4      |
| 8         | -800.1    | 13.08     | 0.5879    | 3.217     | 5.495     | 75.33     |
=====================================================================================
tuning RF done
Linear Regression mlflowing
LinearRegression() rmse:803.4125160568493 mae:579.8924133873863 r2:-0.06279764297590895 rmsle:1.2296480576540934
Linear Regression mlflow completed
2025/03/23 10:55:33 WARNING mlflow.models.model: Model logged without a signature and input example. Please set `input_example` parameter when logging the model to auto infer the model signature.
Decision Tree mlflowing
DecisionTreeRegressor(max_depth=8, min_samples_split=13, random_state=42) rmse:800.2488901266973 mae:572.3589621137655 r2:-0.05444409059206512 rmsle:1.2142606930934587
Decision Tree mlflow completed
2025/03/23 10:55:45 WARNING mlflow.models.model: Model logged without a signature and input example. Please set `input_example` parameter when logging the model to auto infer the model signature.
XGBoost mlflowing
XGBRegressor(base_score=None, booster=None, callbacks=None,
             colsample_bylevel=None, colsample_bynode=None,
             colsample_bytree=None, device=None, early_stopping_rounds=None,
             enable_categorical=False, eval_metric=None, feature_types=None,
             gamma=None, grow_policy=None, importance_type=None,
             interaction_constraints=None, learning_rate=None, max_bin=None,
             max_cat_threshold=None, max_cat_to_onehot=None,
             max_delta_step=None, max_depth=None, max_leaves=None,
             min_child_weight=None, missing=nan, monotone_constraints=None,
             multi_strategy=None, n_estimators=None, n_jobs=None,
             num_parallel_tree=None, random_state=None, ...) rmse:800.6716369658474 mae:573.0908835130107 r2:-0.05555844552155209 rmsle:1.2153397980080003
XGBoost mlflow completed
Random Forest mlflowing
RandomForestRegressor(max_depth=9, max_features=np.float64(0.996508708146586),
                      min_samples_leaf=7, min_samples_split=7, n_estimators=38,
                      n_jobs=-1, random_state=42) rmse:799.8546879325684 mae:572.0256252701209 r2:-0.05340550921758269 rmsle:1.2137798948947955
Random Forest mlflow completed
2025/03/23 10:58:51 WARNING mlflow.models.model: Model logged without a signature and input example. Please set `input_example` parameter when logging the model to auto infer the model signature.
XGBoost tuned mlflowing
XGBRegressor(base_score=None, booster=None, callbacks=None,
             colsample_bylevel=None, colsample_bynode=None,
             colsample_bytree=np.float64(0.8600300680352009), device=None,
             early_stopping_rounds=None, enable_categorical=False,
             eval_metric=None, feature_types=None, gamma=None, grow_policy=None,
             importance_type=None, interaction_constraints=None,
             learning_rate=np.float64(0.055873723592581644), max_bin=None,
             max_cat_threshold=None, max_cat_to_onehot=None,
             max_delta_step=None, max_depth=9, max_leaves=None,
             min_child_weight=None, missing=nan, monotone_constraints=None,
             multi_strategy=None, n_estimators=115, n_jobs=-1,
             num_parallel_tree=None, random_state=42, ...) rmse:800.2895042449709 mae:572.7980338817115 r2:-0.0545511233021847 rmsle:1.2150991585965236
XGBoost tuned mlflow completed
Random Forest
✅ Best model saved!


second model - but lost the file

tuning RF done
Linear Regression mlflowing
LinearRegression() rmse:803.4125191331209 mae:579.8924161794079 r2:-0.06279764168521762 rmsle:1.2296480545992912
Linear Regression model saved locally & MLflow metrics logged!
2025/03/23 12:51:01 WARNING mlflow.models.model: Model logged without a signature and input example. Please set input_example parameter when logging the model to auto infer the model signature.
Decision Tree mlflowing
DecisionTreeRegressor(max_depth=8, min_samples_split=13, random_state=42) rmse:800.2488931774026 mae:572.3589648899134 r2:-0.054444089276066254 rmsle:1.2142606901213324
Decision Tree model saved locally & MLflow metrics logged!
2025/03/23 12:51:10 WARNING mlflow.models.model: Model logged without a signature and input example. Please set input_example parameter when logging the model to auto infer the model signature.
XGBoost mlflowing
XGBRegressor(base_score=None, booster=None, callbacks=None,
             colsample_bylevel=None, colsample_bynode=None,
             colsample_bytree=None, device=None, early_stopping_rounds=None,
             enable_categorical=False, eval_metric=None, feature_types=None,
             gamma=None, grow_policy=None, importance_type=None,
             interaction_constraints=None, learning_rate=None, max_bin=None,
             max_cat_threshold=None, max_cat_to_onehot=None,
             max_delta_step=None, max_depth=None, max_leaves=None,
             min_child_weight=None, missing=nan, monotone_constraints=None,
             multi_strategy=None, n_estimators=None, n_jobs=None,
             num_parallel_tree=None, random_state=None, ...) rmse:800.6716758039738 mae:573.0908783641677 r2:-0.05555853855998216 rmsle:1.2153397549369958
XGBoost model saved locally & MLflow metrics logged!
Random Forest mlflowing
RandomForestRegressor(max_depth=12, max_features=0.996508708146586,
                      min_samples_leaf=9, min_samples_split=9, n_estimators=128,
                      n_jobs=-1, random_state=42) rmse:799.7085213096746 mae:572.0243532523278 r2:-0.0530205333063134 rmsle:1.2137326270140953
Random Forest model saved locally & MLflow metrics logged!
2025/03/23 12:55:27 WARNING mlflow.models.model: Model logged without a signature and input example. Please set input_example parameter when logging the model to auto infer the model signature.
XGBoost tuned mlflowing
XGBRegressor(base_score=None, booster=None, callbacks=None,
             colsample_bylevel=None, colsample_bynode=None,
             colsample_bytree=0.8600300680352009, device=None,
             early_stopping_rounds=None, enable_categorical=False,
             eval_metric=None, feature_types=None, gamma=None, grow_policy=None,
             importance_type=None, interaction_constraints=None,
             learning_rate=0.055873723592581644, max_bin=None,
             max_cat_threshold=None, max_cat_to_onehot=None,
             max_delta_step=None, max_depth=9, max_leaves=None,
             min_child_weight=None, missing=nan, monotone_constraints=None,
             multi_strategy=None, n_estimators=115, n_jobs=-1,
             num_parallel_tree=None, random_state=42, ...) rmse:800.2895412037367 mae:572.7980303320434 r2:-0.05455121134776597 rmsle:1.2150991185990094
XGBoost tuned model saved locally & MLflow metrics logged!
✅ Best model saved! Random Forest